Compiling the C compiler identification source file "CMakeCCompilerId.c" failed.
Compiler:  
Build flags: 
Id flags:  

The output was:
1
Microsoft (R) Build Engine version 15.9.21+g9802d43bc3 for .NET Framework
Copyright (C) Microsoft Corporation. All rights reserved.

Build started 25/02/2019 09:10:31.
Project "C:\Users\Utilizador\Desktop\Trabalho CG\ComputacaoGrafica\Engine\build\CMakeFiles\3.14.0-rc1\CompilerIdC\CompilerIdC.vcxproj" on node 1 (default targets).
PrepareForBuild:
  Creating directory "Debug\".
  Creating directory "Debug\CompilerIdC.tlog\".
InitializeBuildStatus:
  Creating "Debug\CompilerIdC.tlog\unsuccessfulbuild" because "AlwaysCreate" was specified.
ClCompile:
  C:\Program Files (x86)\Microsoft Visual Studio\2017\Community\VC\Tools\MSVC\14.16.27023\bin\HostX86\x86\CL.exe /c /nologo /W0 /WX- /diagnostics:classic /Od /Oy- /D _MBCS /Gm- /EHsc /RTC1 /MDd /GS /fp:precise /Zc:wchar_t /Zc:forScope /Zc:inline /Fo"Debug\\" /Fd"Debug\vc141.pdb" /Gd /TC /analyze- /FC /errorReport:queue CMakeCCompilerId.c
  CMakeCCompilerId.c
c1 : fatal error C1083: Cannot open source file: 'CMakeCCompilerId.c': No such file or directory [C:\Users\Utilizador\Desktop\Trabalho CG\ComputacaoGrafica\Engine\build\CMakeFiles\3.14.0-rc1\CompilerIdC\CompilerIdC.vcxproj]
Done Building Project "C:\Users\Utilizador\Desktop\Trabalho CG\ComputacaoGrafica\Engine\build\CMakeFiles\3.14.0-rc1\CompilerIdC\CompilerIdC.vcxproj" (default targets) -- FAILED.

Build FAILED.

"C:\Users\Utilizador\Desktop\Trabalho CG\ComputacaoGrafica\Engine\build\CMakeFiles\3.14.0-rc1\CompilerIdC\CompilerIdC.vcxproj" (default target) (1) ->
(ClCompile target) -> 
  c1 : fatal error C1083: Cannot open source file: 'CMakeCCompilerId.c': No such file or directory [C:\Users\Utilizador\Desktop\Trabalho CG\ComputacaoGrafica\Engine\build\CMakeFiles\3.14.0-rc1\CompilerIdC\CompilerIdC.vcxproj]

    0 Warning(s)
    1 Error(s)

Time Elapsed 00:00:00.80


Compiling the C compiler identification source file "CMakeCCompilerId.c" failed.
Compiler:  
Build flags: 
Id flags:  

The output was:
1
Microsoft (R) Build Engine version 15.9.21+g9802d43bc3 for .NET Framework
Copyright (C) Microsoft Corporation. All rights reserved.

Build started 25/02/2019 09:10:32.
Project "C:\Users\Utilizador\Desktop\Trabalho CG\ComputacaoGrafica\Engine\build\CMakeFiles\3.14.0-rc1\CompilerIdC\CompilerIdC.vcxproj" on node 1 (default targets).
PrepareForBuild:
  Creating directory "Debug\".
  Creating directory "Debug\CompilerIdC.tlog\".
InitializeBuildStatus:
  Creating "Debug\CompilerIdC.tlog\unsuccessfulbuild" because "AlwaysCreate" was specified.
ClCompile:
  C:\Program Files (x86)\Microsoft Visual Studio\2017\Community\VC\Tools\MSVC\14.16.27023\bin\HostX86\x86\CL.exe /c /nologo /W0 /WX- /diagnostics:classic /Od /Oy- /D _MBCS /Gm- /EHsc /RTC1 /MDd /GS /fp:precise /Zc:wchar_t /Zc:forScope /Zc:inline /Fo"Debug\\" /Fd"Debug\vc141.pdb" /Gd /TC /analyze- /FC /errorReport:queue CMakeCCompilerId.c
  CMakeCCompilerId.c
c1 : fatal error C1083: Cannot open source file: 'CMakeCCompilerId.c': No such file or directory [C:\Users\Utilizador\Desktop\Trabalho CG\ComputacaoGrafica\Engine\build\CMakeFiles\3.14.0-rc1\CompilerIdC\CompilerIdC.vcxproj]
Done Building Project "C:\Users\Utilizador\Desktop\Trabalho CG\ComputacaoGrafica\Engine\build\CMakeFiles\3.14.0-rc1\CompilerIdC\CompilerIdC.vcxproj" (default targets) -- FAILED.

Build FAILED.

"C:\Users\Utilizador\Desktop\Trabalho CG\ComputacaoGrafica\Engine\build\CMakeFiles\3.14.0-rc1\CompilerIdC\CompilerIdC.vcxproj" (default target) (1) ->
(ClCompile target) -> 
  c1 : fatal error C1083: Cannot open source file: 'CMakeCCompilerId.c': No such file or directory [C:\Users\Utilizador\Desktop\Trabalho CG\ComputacaoGrafica\Engine\build\CMakeFiles\3.14.0-rc1\CompilerIdC\CompilerIdC.vcxproj]

    0 Warning(s)
    1 Error(s)

Time Elapsed 00:00:00.44


Compiling the CXX compiler identification source file "CMakeCXXCompilerId.cpp" failed.
Compiler:  
Build flags: 
Id flags:  

The output was:
1
Microsoft (R) Build Engine version 15.9.21+g9802d43bc3 for .NET Framework
Copyright (C) Microsoft Corporation. All rights reserved.

Build started 25/02/2019 09:10:33.
Project "C:\Users\Utilizador\Desktop\Trabalho CG\ComputacaoGrafica\Engine\build\CMakeFiles\3.14.0-rc1\CompilerIdCXX\CompilerIdCXX.vcxproj" on node 1 (default targets).
PrepareForBuild:
  Creating directory "Debug\".
  Creating directory "Debug\CompilerIdCXX.tlog\".
InitializeBuildStatus:
  Creating "Debug\CompilerIdCXX.tlog\unsuccessfulbuild" because "AlwaysCreate" was specified.
ClCompile:
  C:\Program Files (x86)\Microsoft Visual Studio\2017\Community\VC\Tools\MSVC\14.16.27023\bin\HostX86\x86\CL.exe /c /nologo /W0 /WX- /diagnostics:classic /Od /Oy- /D _MBCS /Gm- /EHsc /RTC1 /MDd /GS /fp:precise /Zc:wchar_t /Zc:forScope /Zc:inline /Fo"Debug\\" /Fd"Debug\vc141.pdb" /Gd /TP /analyze- /FC /errorReport:queue CMakeCXXCompilerId.cpp
  CMakeCXXCompilerId.cpp
c1xx : fatal error C1083: Cannot open source file: 'CMakeCXXCompilerId.cpp': No such file or directory [C:\Users\Utilizador\Desktop\Trabalho CG\ComputacaoGrafica\Engine\build\CMakeFiles\3.14.0-rc1\CompilerIdCXX\CompilerIdCXX.vcxproj]
Done Building Project "C:\Users\Utilizador\Desktop\Trabalho CG\ComputacaoGrafica\Engine\build\CMakeFiles\3.14.0-rc1\CompilerIdCXX\CompilerIdCXX.vcxproj" (default targets) -- FAILED.

Build FAILED.

"C:\Users\Utilizador\Desktop\Trabalho CG\ComputacaoGrafica\Engine\build\CMakeFiles\3.14.0-rc1\CompilerIdCXX\CompilerIdCXX.vcxproj" (default target) (1) ->
(ClCompile target) -> 
  c1xx : fatal error C1083: Cannot open source file: 'CMakeCXXCompilerId.cpp': No such file or directory [C:\Users\Utilizador\Desktop\Trabalho CG\ComputacaoGrafica\Engine\build\CMakeFiles\3.14.0-rc1\CompilerIdCXX\CompilerIdCXX.vcxproj]

    0 Warning(s)
    1 Error(s)

Time Elapsed 00:00:00.44


Compiling the CXX compiler identification source file "CMakeCXXCompilerId.cpp" failed.
Compiler:  
Build flags: 
Id flags:  

The output was:
1
Microsoft (R) Build Engine version 15.9.21+g9802d43bc3 for .NET Framework
Copyright (C) Microsoft Corporation. All rights reserved.

Build started 25/02/2019 09:10:34.
Project "C:\Users\Utilizador\Desktop\Trabalho CG\ComputacaoGrafica\Engine\build\CMakeFiles\3.14.0-rc1\CompilerIdCXX\CompilerIdCXX.vcxproj" on node 1 (default targets).
PrepareForBuild:
  Creating directory "Debug\".
  Creating directory "Debug\CompilerIdCXX.tlog\".
InitializeBuildStatus:
  Creating "Debug\CompilerIdCXX.tlog\unsuccessfulbuild" because "AlwaysCreate" was specified.
ClCompile:
  C:\Program Files (x86)\Microsoft Visual Studio\2017\Community\VC\Tools\MSVC\14.16.27023\bin\HostX86\x86\CL.exe /c /nologo /W0 /WX- /diagnostics:classic /Od /Oy- /D _MBCS /Gm- /EHsc /RTC1 /MDd /GS /fp:precise /Zc:wchar_t /Zc:forScope /Zc:inline /Fo"Debug\\" /Fd"Debug\vc141.pdb" /Gd /TP /analyze- /FC /errorReport:queue CMakeCXXCompilerId.cpp
  CMakeCXXCompilerId.cpp
c1xx : fatal error C1083: Cannot open source file: 'CMakeCXXCompilerId.cpp': No such file or directory [C:\Users\Utilizador\Desktop\Trabalho CG\ComputacaoGrafica\Engine\build\CMakeFiles\3.14.0-rc1\CompilerIdCXX\CompilerIdCXX.vcxproj]
Done Building Project "C:\Users\Utilizador\Desktop\Trabalho CG\ComputacaoGrafica\Engine\build\CMakeFiles\3.14.0-rc1\CompilerIdCXX\CompilerIdCXX.vcxproj" (default targets) -- FAILED.

Build FAILED.

"C:\Users\Utilizador\Desktop\Trabalho CG\ComputacaoGrafica\Engine\build\CMakeFiles\3.14.0-rc1\CompilerIdCXX\CompilerIdCXX.vcxproj" (default target) (1) ->
(ClCompile target) -> 
  c1xx : fatal error C1083: Cannot open source file: 'CMakeCXXCompilerId.cpp': No such file or directory [C:\Users\Utilizador\Desktop\Trabalho CG\ComputacaoGrafica\Engine\build\CMakeFiles\3.14.0-rc1\CompilerIdCXX\CompilerIdCXX.vcxproj]

    0 Warning(s)
    1 Error(s)

Time Elapsed 00:00:00.48


